<?xml version="1.0" encoding="UTF-8"?>
<testng-results ignored="0" total="16" passed="16" failed="0" skipped="0">
  <reporter-output>
  </reporter-output>
  <suite started-at="2018-06-11T11:21:34Z" name="Default suite" finished-at="2018-06-11T11:21:43Z" duration-ms="9330">
    <groups>
    </groups>
    <test started-at="2018-06-11T11:21:34Z" name="Default test" finished-at="2018-06-11T11:21:43Z" duration-ms="9330">
      <class name="testCases.HybridExceuteTestCase">
        <test-method is-config="true" signature="SetUp()[pri:0, instance:testCases.HybridExceuteTestCase@5f16132a]" started-at="2018-06-11T11:21:34Z" name="SetUp" finished-at="2018-06-11T11:21:38Z" duration-ms="4228" status="PASS">
          <reporter-output>
          </reporter-output>
        </test-method> <!-- SetUp -->
        <test-method signature="UnderTest(java.lang.String, java.lang.String, java.lang.String, java.lang.String, java.lang.String, java.lang.String)[pri:0, instance:testCases.HybridExceuteTestCase@5f16132a]" started-at="2018-06-11T11:21:38Z" name="UnderTest" data-provider="hybridData" finished-at="2018-06-11T11:21:39Z" duration-ms="192" status="PASS">
          <params>
            <param index="0">
              <value>
                <![CDATA[]]>
              </value>
            </param>
            <param index="1">
              <value>
                <![CDATA[]]>
              </value>
            </param>
            <param index="2">
              <value>
                <![CDATA[GOTOURL]]>
              </value>
            </param>
            <param index="3">
              <value>
                <![CDATA[]]>
              </value>
            </param>
            <param index="4">
              <value>
                <![CDATA[]]>
              </value>
            </param>
            <param index="5">
              <value>
                <![CDATA[Website]]>
              </value>
            </param>
          </params>
          <reporter-output>
          </reporter-output>
        </test-method> <!-- UnderTest -->
        <test-method signature="UnderTest(java.lang.String, java.lang.String, java.lang.String, java.lang.String, java.lang.String, java.lang.String)[pri:0, instance:testCases.HybridExceuteTestCase@5f16132a]" started-at="2018-06-11T11:21:38Z" name="UnderTest" data-provider="hybridData" finished-at="2018-06-11T11:21:38Z" duration-ms="0" status="PASS">
          <params>
            <param index="0">
              <value>
                <![CDATA[TC001]]>
              </value>
            </param>
            <param index="1">
              <value>
                <![CDATA[Our Website SignUp]]>
              </value>
            </param>
            <param index="2">
              <value>
                <![CDATA[]]>
              </value>
            </param>
            <param index="3">
              <value>
                <![CDATA[]]>
              </value>
            </param>
            <param index="4">
              <value>
                <![CDATA[]]>
              </value>
            </param>
            <param index="5">
              <value>
                <![CDATA[]]>
              </value>
            </param>
          </params>
          <reporter-output>
          </reporter-output>
        </test-method> <!-- UnderTest -->
        <test-method signature="UnderTest(java.lang.String, java.lang.String, java.lang.String, java.lang.String, java.lang.String, java.lang.String)[pri:0, instance:testCases.HybridExceuteTestCase@5f16132a]" started-at="2018-06-11T11:21:39Z" name="UnderTest" data-provider="hybridData" finished-at="2018-06-11T11:21:39Z" duration-ms="82" status="PASS">
          <params>
            <param index="0">
              <value>
                <![CDATA[]]>
              </value>
            </param>
            <param index="1">
              <value>
                <![CDATA[]]>
              </value>
            </param>
            <param index="2">
              <value>
                <![CDATA[SENDKEYS]]>
              </value>
            </param>
            <param index="3">
              <value>
                <![CDATA[Fname]]>
              </value>
            </param>
            <param index="4">
              <value>
                <![CDATA[XPATH]]>
              </value>
            </param>
            <param index="5">
              <value>
                <![CDATA[Ataur]]>
              </value>
            </param>
          </params>
          <reporter-output>
          </reporter-output>
        </test-method> <!-- UnderTest -->
        <test-method signature="UnderTest(java.lang.String, java.lang.String, java.lang.String, java.lang.String, java.lang.String, java.lang.String)[pri:0, instance:testCases.HybridExceuteTestCase@5f16132a]" started-at="2018-06-11T11:21:39Z" name="UnderTest" data-provider="hybridData" finished-at="2018-06-11T11:21:39Z" duration-ms="89" status="PASS">
          <params>
            <param index="0">
              <value>
                <![CDATA[]]>
              </value>
            </param>
            <param index="1">
              <value>
                <![CDATA[]]>
              </value>
            </param>
            <param index="2">
              <value>
                <![CDATA[SENDKEYS]]>
              </value>
            </param>
            <param index="3">
              <value>
                <![CDATA[Lname]]>
              </value>
            </param>
            <param index="4">
              <value>
                <![CDATA[XPATH]]>
              </value>
            </param>
            <param index="5">
              <value>
                <![CDATA[Tarafder]]>
              </value>
            </param>
          </params>
          <reporter-output>
          </reporter-output>
        </test-method> <!-- UnderTest -->
        <test-method signature="UnderTest(java.lang.String, java.lang.String, java.lang.String, java.lang.String, java.lang.String, java.lang.String)[pri:0, instance:testCases.HybridExceuteTestCase@5f16132a]" started-at="2018-06-11T11:21:39Z" name="UnderTest" data-provider="hybridData" finished-at="2018-06-11T11:21:39Z" duration-ms="101" status="PASS">
          <params>
            <param index="0">
              <value>
                <![CDATA[]]>
              </value>
            </param>
            <param index="1">
              <value>
                <![CDATA[]]>
              </value>
            </param>
            <param index="2">
              <value>
                <![CDATA[SENDKEYS]]>
              </value>
            </param>
            <param index="3">
              <value>
                <![CDATA[Email]]>
              </value>
            </param>
            <param index="4">
              <value>
                <![CDATA[XPATH]]>
              </value>
            </param>
            <param index="5">
              <value>
                <![CDATA[super@yahoo.com]]>
              </value>
            </param>
          </params>
          <reporter-output>
          </reporter-output>
        </test-method> <!-- UnderTest -->
        <test-method signature="UnderTest(java.lang.String, java.lang.String, java.lang.String, java.lang.String, java.lang.String, java.lang.String)[pri:0, instance:testCases.HybridExceuteTestCase@5f16132a]" started-at="2018-06-11T11:21:39Z" name="UnderTest" data-provider="hybridData" finished-at="2018-06-11T11:21:39Z" duration-ms="79" status="PASS">
          <params>
            <param index="0">
              <value>
                <![CDATA[]]>
              </value>
            </param>
            <param index="1">
              <value>
                <![CDATA[]]>
              </value>
            </param>
            <param index="2">
              <value>
                <![CDATA[SENDKEYS]]>
              </value>
            </param>
            <param index="3">
              <value>
                <![CDATA[Aemail]]>
              </value>
            </param>
            <param index="4">
              <value>
                <![CDATA[XPATH]]>
              </value>
            </param>
            <param index="5">
              <value>
                <![CDATA[super@yahoo.com]]>
              </value>
            </param>
          </params>
          <reporter-output>
          </reporter-output>
        </test-method> <!-- UnderTest -->
        <test-method signature="UnderTest(java.lang.String, java.lang.String, java.lang.String, java.lang.String, java.lang.String, java.lang.String)[pri:0, instance:testCases.HybridExceuteTestCase@5f16132a]" started-at="2018-06-11T11:21:39Z" name="UnderTest" data-provider="hybridData" finished-at="2018-06-11T11:21:39Z" duration-ms="61" status="PASS">
          <params>
            <param index="0">
              <value>
                <![CDATA[]]>
              </value>
            </param>
            <param index="1">
              <value>
                <![CDATA[]]>
              </value>
            </param>
            <param index="2">
              <value>
                <![CDATA[SENDKEYS]]>
              </value>
            </param>
            <param index="3">
              <value>
                <![CDATA[Pass]]>
              </value>
            </param>
            <param index="4">
              <value>
                <![CDATA[XPATH]]>
              </value>
            </param>
            <param index="5">
              <value>
                <![CDATA[6ra45rya6]]>
              </value>
            </param>
          </params>
          <reporter-output>
          </reporter-output>
        </test-method> <!-- UnderTest -->
        <test-method signature="UnderTest(java.lang.String, java.lang.String, java.lang.String, java.lang.String, java.lang.String, java.lang.String)[pri:0, instance:testCases.HybridExceuteTestCase@5f16132a]" started-at="2018-06-11T11:21:39Z" name="UnderTest" data-provider="hybridData" finished-at="2018-06-11T11:21:39Z" duration-ms="50" status="PASS">
          <params>
            <param index="0">
              <value>
                <![CDATA[]]>
              </value>
            </param>
            <param index="1">
              <value>
                <![CDATA[]]>
              </value>
            </param>
            <param index="2">
              <value>
                <![CDATA[CLICK]]>
              </value>
            </param>
            <param index="3">
              <value>
                <![CDATA[Male]]>
              </value>
            </param>
            <param index="4">
              <value>
                <![CDATA[XPATH]]>
              </value>
            </param>
            <param index="5">
              <value>
                <![CDATA[]]>
              </value>
            </param>
          </params>
          <reporter-output>
          </reporter-output>
        </test-method> <!-- UnderTest -->
        <test-method signature="UnderTest(java.lang.String, java.lang.String, java.lang.String, java.lang.String, java.lang.String, java.lang.String)[pri:0, instance:testCases.HybridExceuteTestCase@5f16132a]" started-at="2018-06-11T11:21:39Z" name="UnderTest" data-provider="hybridData" finished-at="2018-06-11T11:21:39Z" duration-ms="75" status="PASS">
          <params>
            <param index="0">
              <value>
                <![CDATA[]]>
              </value>
            </param>
            <param index="1">
              <value>
                <![CDATA[]]>
              </value>
            </param>
            <param index="2">
              <value>
                <![CDATA[SELECT]]>
              </value>
            </param>
            <param index="3">
              <value>
                <![CDATA[Month]]>
              </value>
            </param>
            <param index="4">
              <value>
                <![CDATA[ID]]>
              </value>
            </param>
            <param index="5">
              <value>
                <![CDATA[May]]>
              </value>
            </param>
          </params>
          <reporter-output>
          </reporter-output>
        </test-method> <!-- UnderTest -->
        <test-method signature="UnderTest(java.lang.String, java.lang.String, java.lang.String, java.lang.String, java.lang.String, java.lang.String)[pri:0, instance:testCases.HybridExceuteTestCase@5f16132a]" started-at="2018-06-11T11:21:39Z" name="UnderTest" data-provider="hybridData" finished-at="2018-06-11T11:21:39Z" duration-ms="88" status="PASS">
          <params>
            <param index="0">
              <value>
                <![CDATA[]]>
              </value>
            </param>
            <param index="1">
              <value>
                <![CDATA[]]>
              </value>
            </param>
            <param index="2">
              <value>
                <![CDATA[SELECT]]>
              </value>
            </param>
            <param index="3">
              <value>
                <![CDATA[Day]]>
              </value>
            </param>
            <param index="4">
              <value>
                <![CDATA[ID]]>
              </value>
            </param>
            <param index="5">
              <value>
                <![CDATA[30]]>
              </value>
            </param>
          </params>
          <reporter-output>
          </reporter-output>
        </test-method> <!-- UnderTest -->
        <test-method signature="UnderTest(java.lang.String, java.lang.String, java.lang.String, java.lang.String, java.lang.String, java.lang.String)[pri:0, instance:testCases.HybridExceuteTestCase@5f16132a]" started-at="2018-06-11T11:21:39Z" name="UnderTest" data-provider="hybridData" finished-at="2018-06-11T11:21:39Z" duration-ms="78" status="PASS">
          <params>
            <param index="0">
              <value>
                <![CDATA[]]>
              </value>
            </param>
            <param index="1">
              <value>
                <![CDATA[]]>
              </value>
            </param>
            <param index="2">
              <value>
                <![CDATA[SELECT]]>
              </value>
            </param>
            <param index="3">
              <value>
                <![CDATA[Year]]>
              </value>
            </param>
            <param index="4">
              <value>
                <![CDATA[ID]]>
              </value>
            </param>
            <param index="5">
              <value>
                <![CDATA[1984]]>
              </value>
            </param>
          </params>
          <reporter-output>
          </reporter-output>
        </test-method> <!-- UnderTest -->
        <test-method signature="UnderTest(java.lang.String, java.lang.String, java.lang.String, java.lang.String, java.lang.String, java.lang.String)[pri:0, instance:testCases.HybridExceuteTestCase@5f16132a]" started-at="2018-06-11T11:21:39Z" name="UnderTest" data-provider="hybridData" finished-at="2018-06-11T11:21:42Z" duration-ms="3016" status="PASS">
          <params>
            <param index="0">
              <value>
                <![CDATA[]]>
              </value>
            </param>
            <param index="1">
              <value>
                <![CDATA[]]>
              </value>
            </param>
            <param index="2">
              <value>
                <![CDATA[THREAD]]>
              </value>
            </param>
            <param index="3">
              <value>
                <![CDATA[]]>
              </value>
            </param>
            <param index="4">
              <value>
                <![CDATA[]]>
              </value>
            </param>
            <param index="5">
              <value>
                <![CDATA[]]>
              </value>
            </param>
          </params>
          <reporter-output>
          </reporter-output>
        </test-method> <!-- UnderTest -->
        <test-method signature="UnderTest(java.lang.String, java.lang.String, java.lang.String, java.lang.String, java.lang.String, java.lang.String)[pri:0, instance:testCases.HybridExceuteTestCase@5f16132a]" started-at="2018-06-11T11:21:42Z" name="UnderTest" data-provider="hybridData" finished-at="2018-06-11T11:21:42Z" duration-ms="55" status="PASS">
          <params>
            <param index="0">
              <value>
                <![CDATA[]]>
              </value>
            </param>
            <param index="1">
              <value>
                <![CDATA[]]>
              </value>
            </param>
            <param index="2">
              <value>
                <![CDATA[HIGHLIGHT]]>
              </value>
            </param>
            <param index="3">
              <value>
                <![CDATA[Fname]]>
              </value>
            </param>
            <param index="4">
              <value>
                <![CDATA[XPATH]]>
              </value>
            </param>
            <param index="5">
              <value>
                <![CDATA[]]>
              </value>
            </param>
          </params>
          <reporter-output>
          </reporter-output>
        </test-method> <!-- UnderTest -->
        <test-method signature="UnderTest(java.lang.String, java.lang.String, java.lang.String, java.lang.String, java.lang.String, java.lang.String)[pri:0, instance:testCases.HybridExceuteTestCase@5f16132a]" started-at="2018-06-11T11:21:42Z" name="UnderTest" data-provider="hybridData" finished-at="2018-06-11T11:21:42Z" duration-ms="50" status="PASS">
          <params>
            <param index="0">
              <value>
                <![CDATA[]]>
              </value>
            </param>
            <param index="1">
              <value>
                <![CDATA[]]>
              </value>
            </param>
            <param index="2">
              <value>
                <![CDATA[HIGHLIGHT]]>
              </value>
            </param>
            <param index="3">
              <value>
                <![CDATA[Facebook]]>
              </value>
            </param>
            <param index="4">
              <value>
                <![CDATA[PARTIALLINKTEXT]]>
              </value>
            </param>
            <param index="5">
              <value>
                <![CDATA[]]>
              </value>
            </param>
          </params>
          <reporter-output>
          </reporter-output>
        </test-method> <!-- UnderTest -->
        <test-method signature="UnderTest(java.lang.String, java.lang.String, java.lang.String, java.lang.String, java.lang.String, java.lang.String)[pri:0, instance:testCases.HybridExceuteTestCase@5f16132a]" started-at="2018-06-11T11:21:42Z" name="UnderTest" data-provider="hybridData" finished-at="2018-06-11T11:21:43Z" duration-ms="319" status="PASS">
          <params>
            <param index="0">
              <value>
                <![CDATA[]]>
              </value>
            </param>
            <param index="1">
              <value>
                <![CDATA[]]>
              </value>
            </param>
            <param index="2">
              <value>
                <![CDATA[SCREENSHOT]]>
              </value>
            </param>
            <param index="3">
              <value>
                <![CDATA[]]>
              </value>
            </param>
            <param index="4">
              <value>
                <![CDATA[]]>
              </value>
            </param>
            <param index="5">
              <value>
                <![CDATA[]]>
              </value>
            </param>
          </params>
          <reporter-output>
          </reporter-output>
        </test-method> <!-- UnderTest -->
        <test-method signature="UnderTest(java.lang.String, java.lang.String, java.lang.String, java.lang.String, java.lang.String, java.lang.String)[pri:0, instance:testCases.HybridExceuteTestCase@5f16132a]" started-at="2018-06-11T11:21:43Z" name="UnderTest" data-provider="hybridData" finished-at="2018-06-11T11:21:43Z" duration-ms="188" status="PASS">
          <params>
            <param index="0">
              <value>
                <![CDATA[]]>
              </value>
            </param>
            <param index="1">
              <value>
                <![CDATA[]]>
              </value>
            </param>
            <param index="2">
              <value>
                <![CDATA[CLOSE]]>
              </value>
            </param>
            <param index="3">
              <value>
                <![CDATA[]]>
              </value>
            </param>
            <param index="4">
              <value>
                <![CDATA[]]>
              </value>
            </param>
            <param index="5">
              <value>
                <![CDATA[]]>
              </value>
            </param>
          </params>
          <reporter-output>
          </reporter-output>
        </test-method> <!-- UnderTest -->
      </class> <!-- testCases.HybridExceuteTestCase -->
    </test> <!-- Default test -->
  </suite> <!-- Default suite -->
</testng-results>
