<?xml version="1.0" encoding="UTF-8"?>
<testng-results ignored="0" total="16" passed="16" failed="0" skipped="0">
  <reporter-output>
  </reporter-output>
  <suite started-at="2018-06-24T01:07:01Z" name="Default suite" finished-at="2018-06-24T01:07:13Z" duration-ms="11687">
    <groups>
    </groups>
    <test started-at="2018-06-24T01:07:01Z" name="Default test" finished-at="2018-06-24T01:07:13Z" duration-ms="11687">
      <class name="testCases.HybridExceuteTestCase">
        <test-method is-config="true" signature="SetUp()[pri:0, instance:testCases.HybridExceuteTestCase@5f16132a]" started-at="2018-06-24T01:07:01Z" name="SetUp" finished-at="2018-06-24T01:07:07Z" duration-ms="5607" status="PASS">
          <reporter-output>
          </reporter-output>
        </test-method> <!-- SetUp -->
        <test-method signature="UnderTest(java.lang.String, java.lang.String, java.lang.String, java.lang.String, java.lang.String, java.lang.String)[pri:0, instance:testCases.HybridExceuteTestCase@5f16132a]" started-at="2018-06-24T01:07:08Z" name="UnderTest" data-provider="hybridData" finished-at="2018-06-24T01:07:08Z" duration-ms="13" status="PASS">
          <params>
            <param index="0">
              <value>
                <![CDATA[TC001]]>
              </value>
            </param>
            <param index="1">
              <value>
                <![CDATA[Our Website SignUp]]>
              </value>
            </param>
            <param index="2">
              <value>
                <![CDATA[]]>
              </value>
            </param>
            <param index="3">
              <value>
                <![CDATA[]]>
              </value>
            </param>
            <param index="4">
              <value>
                <![CDATA[]]>
              </value>
            </param>
            <param index="5">
              <value>
                <![CDATA[]]>
              </value>
            </param>
          </params>
          <reporter-output>
          </reporter-output>
        </test-method> <!-- UnderTest -->
        <test-method signature="UnderTest(java.lang.String, java.lang.String, java.lang.String, java.lang.String, java.lang.String, java.lang.String)[pri:0, instance:testCases.HybridExceuteTestCase@5f16132a]" started-at="2018-06-24T01:07:08Z" name="UnderTest" data-provider="hybridData" finished-at="2018-06-24T01:07:09Z" duration-ms="207" status="PASS">
          <params>
            <param index="0">
              <value>
                <![CDATA[]]>
              </value>
            </param>
            <param index="1">
              <value>
                <![CDATA[]]>
              </value>
            </param>
            <param index="2">
              <value>
                <![CDATA[GOTOURL]]>
              </value>
            </param>
            <param index="3">
              <value>
                <![CDATA[]]>
              </value>
            </param>
            <param index="4">
              <value>
                <![CDATA[]]>
              </value>
            </param>
            <param index="5">
              <value>
                <![CDATA[Website]]>
              </value>
            </param>
          </params>
          <reporter-output>
          </reporter-output>
        </test-method> <!-- UnderTest -->
        <test-method signature="UnderTest(java.lang.String, java.lang.String, java.lang.String, java.lang.String, java.lang.String, java.lang.String)[pri:0, instance:testCases.HybridExceuteTestCase@5f16132a]" started-at="2018-06-24T01:07:09Z" name="UnderTest" data-provider="hybridData" finished-at="2018-06-24T01:07:09Z" duration-ms="92" status="PASS">
          <params>
            <param index="0">
              <value>
                <![CDATA[]]>
              </value>
            </param>
            <param index="1">
              <value>
                <![CDATA[]]>
              </value>
            </param>
            <param index="2">
              <value>
                <![CDATA[SENDKEYS]]>
              </value>
            </param>
            <param index="3">
              <value>
                <![CDATA[Fname]]>
              </value>
            </param>
            <param index="4">
              <value>
                <![CDATA[XPATH]]>
              </value>
            </param>
            <param index="5">
              <value>
                <![CDATA[Ataur]]>
              </value>
            </param>
          </params>
          <reporter-output>
          </reporter-output>
        </test-method> <!-- UnderTest -->
        <test-method signature="UnderTest(java.lang.String, java.lang.String, java.lang.String, java.lang.String, java.lang.String, java.lang.String)[pri:0, instance:testCases.HybridExceuteTestCase@5f16132a]" started-at="2018-06-24T01:07:09Z" name="UnderTest" data-provider="hybridData" finished-at="2018-06-24T01:07:09Z" duration-ms="93" status="PASS">
          <params>
            <param index="0">
              <value>
                <![CDATA[]]>
              </value>
            </param>
            <param index="1">
              <value>
                <![CDATA[]]>
              </value>
            </param>
            <param index="2">
              <value>
                <![CDATA[SENDKEYS]]>
              </value>
            </param>
            <param index="3">
              <value>
                <![CDATA[Lname]]>
              </value>
            </param>
            <param index="4">
              <value>
                <![CDATA[XPATH]]>
              </value>
            </param>
            <param index="5">
              <value>
                <![CDATA[Tarafder]]>
              </value>
            </param>
          </params>
          <reporter-output>
          </reporter-output>
        </test-method> <!-- UnderTest -->
        <test-method signature="UnderTest(java.lang.String, java.lang.String, java.lang.String, java.lang.String, java.lang.String, java.lang.String)[pri:0, instance:testCases.HybridExceuteTestCase@5f16132a]" started-at="2018-06-24T01:07:09Z" name="UnderTest" data-provider="hybridData" finished-at="2018-06-24T01:07:09Z" duration-ms="91" status="PASS">
          <params>
            <param index="0">
              <value>
                <![CDATA[]]>
              </value>
            </param>
            <param index="1">
              <value>
                <![CDATA[]]>
              </value>
            </param>
            <param index="2">
              <value>
                <![CDATA[SENDKEYS]]>
              </value>
            </param>
            <param index="3">
              <value>
                <![CDATA[Email]]>
              </value>
            </param>
            <param index="4">
              <value>
                <![CDATA[XPATH]]>
              </value>
            </param>
            <param index="5">
              <value>
                <![CDATA[super@yahoo.com]]>
              </value>
            </param>
          </params>
          <reporter-output>
          </reporter-output>
        </test-method> <!-- UnderTest -->
        <test-method signature="UnderTest(java.lang.String, java.lang.String, java.lang.String, java.lang.String, java.lang.String, java.lang.String)[pri:0, instance:testCases.HybridExceuteTestCase@5f16132a]" started-at="2018-06-24T01:07:09Z" name="UnderTest" data-provider="hybridData" finished-at="2018-06-24T01:07:09Z" duration-ms="91" status="PASS">
          <params>
            <param index="0">
              <value>
                <![CDATA[]]>
              </value>
            </param>
            <param index="1">
              <value>
                <![CDATA[]]>
              </value>
            </param>
            <param index="2">
              <value>
                <![CDATA[SENDKEYS]]>
              </value>
            </param>
            <param index="3">
              <value>
                <![CDATA[Aemail]]>
              </value>
            </param>
            <param index="4">
              <value>
                <![CDATA[XPATH]]>
              </value>
            </param>
            <param index="5">
              <value>
                <![CDATA[super@yahoo.com]]>
              </value>
            </param>
          </params>
          <reporter-output>
          </reporter-output>
        </test-method> <!-- UnderTest -->
        <test-method signature="UnderTest(java.lang.String, java.lang.String, java.lang.String, java.lang.String, java.lang.String, java.lang.String)[pri:0, instance:testCases.HybridExceuteTestCase@5f16132a]" started-at="2018-06-24T01:07:09Z" name="UnderTest" data-provider="hybridData" finished-at="2018-06-24T01:07:09Z" duration-ms="65" status="PASS">
          <params>
            <param index="0">
              <value>
                <![CDATA[]]>
              </value>
            </param>
            <param index="1">
              <value>
                <![CDATA[]]>
              </value>
            </param>
            <param index="2">
              <value>
                <![CDATA[SENDKEYS]]>
              </value>
            </param>
            <param index="3">
              <value>
                <![CDATA[Pass]]>
              </value>
            </param>
            <param index="4">
              <value>
                <![CDATA[XPATH]]>
              </value>
            </param>
            <param index="5">
              <value>
                <![CDATA[6ra45rya6]]>
              </value>
            </param>
          </params>
          <reporter-output>
          </reporter-output>
        </test-method> <!-- UnderTest -->
        <test-method signature="UnderTest(java.lang.String, java.lang.String, java.lang.String, java.lang.String, java.lang.String, java.lang.String)[pri:0, instance:testCases.HybridExceuteTestCase@5f16132a]" started-at="2018-06-24T01:07:09Z" name="UnderTest" data-provider="hybridData" finished-at="2018-06-24T01:07:09Z" duration-ms="57" status="PASS">
          <params>
            <param index="0">
              <value>
                <![CDATA[]]>
              </value>
            </param>
            <param index="1">
              <value>
                <![CDATA[]]>
              </value>
            </param>
            <param index="2">
              <value>
                <![CDATA[CLICK]]>
              </value>
            </param>
            <param index="3">
              <value>
                <![CDATA[Male]]>
              </value>
            </param>
            <param index="4">
              <value>
                <![CDATA[XPATH]]>
              </value>
            </param>
            <param index="5">
              <value>
                <![CDATA[]]>
              </value>
            </param>
          </params>
          <reporter-output>
          </reporter-output>
        </test-method> <!-- UnderTest -->
        <test-method signature="UnderTest(java.lang.String, java.lang.String, java.lang.String, java.lang.String, java.lang.String, java.lang.String)[pri:0, instance:testCases.HybridExceuteTestCase@5f16132a]" started-at="2018-06-24T01:07:09Z" name="UnderTest" data-provider="hybridData" finished-at="2018-06-24T01:07:09Z" duration-ms="146" status="PASS">
          <params>
            <param index="0">
              <value>
                <![CDATA[]]>
              </value>
            </param>
            <param index="1">
              <value>
                <![CDATA[]]>
              </value>
            </param>
            <param index="2">
              <value>
                <![CDATA[SELECT]]>
              </value>
            </param>
            <param index="3">
              <value>
                <![CDATA[Month]]>
              </value>
            </param>
            <param index="4">
              <value>
                <![CDATA[ID]]>
              </value>
            </param>
            <param index="5">
              <value>
                <![CDATA[May]]>
              </value>
            </param>
          </params>
          <reporter-output>
          </reporter-output>
        </test-method> <!-- UnderTest -->
        <test-method signature="UnderTest(java.lang.String, java.lang.String, java.lang.String, java.lang.String, java.lang.String, java.lang.String)[pri:0, instance:testCases.HybridExceuteTestCase@5f16132a]" started-at="2018-06-24T01:07:09Z" name="UnderTest" data-provider="hybridData" finished-at="2018-06-24T01:07:09Z" duration-ms="87" status="PASS">
          <params>
            <param index="0">
              <value>
                <![CDATA[]]>
              </value>
            </param>
            <param index="1">
              <value>
                <![CDATA[]]>
              </value>
            </param>
            <param index="2">
              <value>
                <![CDATA[SELECT]]>
              </value>
            </param>
            <param index="3">
              <value>
                <![CDATA[Day]]>
              </value>
            </param>
            <param index="4">
              <value>
                <![CDATA[ID]]>
              </value>
            </param>
            <param index="5">
              <value>
                <![CDATA[30]]>
              </value>
            </param>
          </params>
          <reporter-output>
          </reporter-output>
        </test-method> <!-- UnderTest -->
        <test-method signature="UnderTest(java.lang.String, java.lang.String, java.lang.String, java.lang.String, java.lang.String, java.lang.String)[pri:0, instance:testCases.HybridExceuteTestCase@5f16132a]" started-at="2018-06-24T01:07:09Z" name="UnderTest" data-provider="hybridData" finished-at="2018-06-24T01:07:09Z" duration-ms="88" status="PASS">
          <params>
            <param index="0">
              <value>
                <![CDATA[]]>
              </value>
            </param>
            <param index="1">
              <value>
                <![CDATA[]]>
              </value>
            </param>
            <param index="2">
              <value>
                <![CDATA[SELECT]]>
              </value>
            </param>
            <param index="3">
              <value>
                <![CDATA[Year]]>
              </value>
            </param>
            <param index="4">
              <value>
                <![CDATA[ID]]>
              </value>
            </param>
            <param index="5">
              <value>
                <![CDATA[1984]]>
              </value>
            </param>
          </params>
          <reporter-output>
          </reporter-output>
        </test-method> <!-- UnderTest -->
        <test-method signature="UnderTest(java.lang.String, java.lang.String, java.lang.String, java.lang.String, java.lang.String, java.lang.String)[pri:0, instance:testCases.HybridExceuteTestCase@5f16132a]" started-at="2018-06-24T01:07:09Z" name="UnderTest" data-provider="hybridData" finished-at="2018-06-24T01:07:12Z" duration-ms="3007" status="PASS">
          <params>
            <param index="0">
              <value>
                <![CDATA[]]>
              </value>
            </param>
            <param index="1">
              <value>
                <![CDATA[]]>
              </value>
            </param>
            <param index="2">
              <value>
                <![CDATA[THREAD]]>
              </value>
            </param>
            <param index="3">
              <value>
                <![CDATA[]]>
              </value>
            </param>
            <param index="4">
              <value>
                <![CDATA[]]>
              </value>
            </param>
            <param index="5">
              <value>
                <![CDATA[]]>
              </value>
            </param>
          </params>
          <reporter-output>
          </reporter-output>
        </test-method> <!-- UnderTest -->
        <test-method signature="UnderTest(java.lang.String, java.lang.String, java.lang.String, java.lang.String, java.lang.String, java.lang.String)[pri:0, instance:testCases.HybridExceuteTestCase@5f16132a]" started-at="2018-06-24T01:07:12Z" name="UnderTest" data-provider="hybridData" finished-at="2018-06-24T01:07:12Z" duration-ms="45" status="PASS">
          <params>
            <param index="0">
              <value>
                <![CDATA[]]>
              </value>
            </param>
            <param index="1">
              <value>
                <![CDATA[]]>
              </value>
            </param>
            <param index="2">
              <value>
                <![CDATA[HIGHLIGHT]]>
              </value>
            </param>
            <param index="3">
              <value>
                <![CDATA[Fname]]>
              </value>
            </param>
            <param index="4">
              <value>
                <![CDATA[XPATH]]>
              </value>
            </param>
            <param index="5">
              <value>
                <![CDATA[]]>
              </value>
            </param>
          </params>
          <reporter-output>
          </reporter-output>
        </test-method> <!-- UnderTest -->
        <test-method signature="UnderTest(java.lang.String, java.lang.String, java.lang.String, java.lang.String, java.lang.String, java.lang.String)[pri:0, instance:testCases.HybridExceuteTestCase@5f16132a]" started-at="2018-06-24T01:07:12Z" name="UnderTest" data-provider="hybridData" finished-at="2018-06-24T01:07:13Z" duration-ms="49" status="PASS">
          <params>
            <param index="0">
              <value>
                <![CDATA[]]>
              </value>
            </param>
            <param index="1">
              <value>
                <![CDATA[]]>
              </value>
            </param>
            <param index="2">
              <value>
                <![CDATA[HIGHLIGHT]]>
              </value>
            </param>
            <param index="3">
              <value>
                <![CDATA[Facebook]]>
              </value>
            </param>
            <param index="4">
              <value>
                <![CDATA[PARTIALLINKTEXT]]>
              </value>
            </param>
            <param index="5">
              <value>
                <![CDATA[]]>
              </value>
            </param>
          </params>
          <reporter-output>
          </reporter-output>
        </test-method> <!-- UnderTest -->
        <test-method signature="UnderTest(java.lang.String, java.lang.String, java.lang.String, java.lang.String, java.lang.String, java.lang.String)[pri:0, instance:testCases.HybridExceuteTestCase@5f16132a]" started-at="2018-06-24T01:07:13Z" name="UnderTest" data-provider="hybridData" finished-at="2018-06-24T01:07:13Z" duration-ms="326" status="PASS">
          <params>
            <param index="0">
              <value>
                <![CDATA[]]>
              </value>
            </param>
            <param index="1">
              <value>
                <![CDATA[]]>
              </value>
            </param>
            <param index="2">
              <value>
                <![CDATA[SCREENSHOT]]>
              </value>
            </param>
            <param index="3">
              <value>
                <![CDATA[]]>
              </value>
            </param>
            <param index="4">
              <value>
                <![CDATA[]]>
              </value>
            </param>
            <param index="5">
              <value>
                <![CDATA[]]>
              </value>
            </param>
          </params>
          <reporter-output>
          </reporter-output>
        </test-method> <!-- UnderTest -->
        <test-method signature="UnderTest(java.lang.String, java.lang.String, java.lang.String, java.lang.String, java.lang.String, java.lang.String)[pri:0, instance:testCases.HybridExceuteTestCase@5f16132a]" started-at="2018-06-24T01:07:13Z" name="UnderTest" data-provider="hybridData" finished-at="2018-06-24T01:07:13Z" duration-ms="148" status="PASS">
          <params>
            <param index="0">
              <value>
                <![CDATA[]]>
              </value>
            </param>
            <param index="1">
              <value>
                <![CDATA[]]>
              </value>
            </param>
            <param index="2">
              <value>
                <![CDATA[CLOSE]]>
              </value>
            </param>
            <param index="3">
              <value>
                <![CDATA[]]>
              </value>
            </param>
            <param index="4">
              <value>
                <![CDATA[]]>
              </value>
            </param>
            <param index="5">
              <value>
                <![CDATA[]]>
              </value>
            </param>
          </params>
          <reporter-output>
          </reporter-output>
        </test-method> <!-- UnderTest -->
      </class> <!-- testCases.HybridExceuteTestCase -->
    </test> <!-- Default test -->
  </suite> <!-- Default suite -->
</testng-results>
