<?xml version="1.0" encoding="UTF-8" ?>
<testsuite tests="16" failures="0" name="testCases.HybridExceuteTestCase" time="4.14" errors="0" skipped="0">
  <properties>
[...]
</properties>
  <testcase classname="testCases.HybridExceuteTestCase" name="UnderTest" time="0"/>
  <testcase classname="testCases.HybridExceuteTestCase" name="UnderTest" time="0.177"/>
  <testcase classname="testCases.HybridExceuteTestCase" name="UnderTest" time="0.054"/>
  <testcase classname="testCases.HybridExceuteTestCase" name="UnderTest" time="0.053"/>
  <testcase classname="testCases.HybridExceuteTestCase" name="UnderTest" time="0.066"/>
  <testcase classname="testCases.HybridExceuteTestCase" name="UnderTest" time="0.069"/>
  <testcase classname="testCases.HybridExceuteTestCase" name="UnderTest" time="0.053"/>
  <testcase classname="testCases.HybridExceuteTestCase" name="UnderTest" time="0.046"/>
  <testcase classname="testCases.HybridExceuteTestCase" name="UnderTest" time="0.075"/>
  <testcase classname="testCases.HybridExceuteTestCase" name="UnderTest" time="0.072"/>
  <testcase classname="testCases.HybridExceuteTestCase" name="UnderTest" time="0.069"/>
  <testcase classname="testCases.HybridExceuteTestCase" name="UnderTest" time="3.001"/>
  <testcase classname="testCases.HybridExceuteTestCase" name="UnderTest" time="0.055"/>
  <testcase classname="testCases.HybridExceuteTestCase" name="UnderTest" time="0.037"/>
  <testcase classname="testCases.HybridExceuteTestCase" name="UnderTest" time="0.227"/>
  <testcase classname="testCases.HybridExceuteTestCase" name="UnderTest" time="0.086"/>
</testsuite>