<?xml version="1.0" encoding="UTF-8"?>
<!-- Generated by org.testng.reporters.JUnitXMLReporter -->
<testsuite ignored="0" hostname="LAPTOP-2GMD4EUC" failures="0" tests="16" name="Command line test" time="9.287" errors="0" timestamp="27 Jun 2018 00:14:44 GMT">
  <testcase classname="testCases.HybridExceuteTestCase" name="UnderTest" time="0.059"/>
  <testcase classname="testCases.HybridExceuteTestCase" name="UnderTest" time="0.193"/>
  <testcase classname="testCases.HybridExceuteTestCase" name="UnderTest" time="0.084"/>
  <testcase classname="testCases.HybridExceuteTestCase" name="UnderTest" time="0.082"/>
  <testcase classname="testCases.HybridExceuteTestCase" name="UnderTest" time="0.081"/>
  <testcase classname="testCases.HybridExceuteTestCase" name="UnderTest" time="0.08"/>
  <testcase classname="testCases.HybridExceuteTestCase" name="UnderTest" time="0.069"/>
  <testcase classname="testCases.HybridExceuteTestCase" name="UnderTest" time="0.056"/>
  <testcase classname="testCases.HybridExceuteTestCase" name="UnderTest" time="0.089"/>
  <testcase classname="testCases.HybridExceuteTestCase" name="UnderTest" time="0.096"/>
  <testcase classname="testCases.HybridExceuteTestCase" name="UnderTest" time="0.121"/>
  <testcase classname="testCases.HybridExceuteTestCase" name="UnderTest" time="3.011"/>
  <testcase classname="testCases.HybridExceuteTestCase" name="UnderTest" time="0.077"/>
  <testcase classname="testCases.HybridExceuteTestCase" name="UnderTest" time="0.083"/>
  <testcase classname="testCases.HybridExceuteTestCase" name="UnderTest" time="0.422"/>
  <testcase classname="testCases.HybridExceuteTestCase" name="UnderTest" time="0.167"/>
</testsuite> <!-- Command line test -->
