<?xml version="1.0" encoding="UTF-8"?>
<!-- Generated by org.testng.reporters.JUnitXMLReporter -->
<testsuite ignored="0" hostname="LAPTOP-2GMD4EUC" failures="0" tests="16" name="Command line test" time="8.404" errors="0" timestamp="11 Jun 2018 11:37:50 GMT">
  <testcase classname="testCases.HybridExceuteTestCase" name="UnderTest" time="0.0"/>
  <testcase classname="testCases.HybridExceuteTestCase" name="UnderTest" time="0.176"/>
  <testcase classname="testCases.HybridExceuteTestCase" name="UnderTest" time="0.055"/>
  <testcase classname="testCases.HybridExceuteTestCase" name="UnderTest" time="0.054"/>
  <testcase classname="testCases.HybridExceuteTestCase" name="UnderTest" time="0.066"/>
  <testcase classname="testCases.HybridExceuteTestCase" name="UnderTest" time="0.07"/>
  <testcase classname="testCases.HybridExceuteTestCase" name="UnderTest" time="0.053"/>
  <testcase classname="testCases.HybridExceuteTestCase" name="UnderTest" time="0.045"/>
  <testcase classname="testCases.HybridExceuteTestCase" name="UnderTest" time="0.074"/>
  <testcase classname="testCases.HybridExceuteTestCase" name="UnderTest" time="0.072"/>
  <testcase classname="testCases.HybridExceuteTestCase" name="UnderTest" time="0.068"/>
  <testcase classname="testCases.HybridExceuteTestCase" name="UnderTest" time="3.0"/>
  <testcase classname="testCases.HybridExceuteTestCase" name="UnderTest" time="0.054"/>
  <testcase classname="testCases.HybridExceuteTestCase" name="UnderTest" time="0.036"/>
  <testcase classname="testCases.HybridExceuteTestCase" name="UnderTest" time="0.227"/>
  <testcase classname="testCases.HybridExceuteTestCase" name="UnderTest" time="0.087"/>
</testsuite> <!-- Command line test -->
